<?xml version="1.0" encoding="UTF-8"?>
<testsuite name="htw.webtech.demo.WebtechProjektApplicationTests" tests="1" skipped="0" failures="0" errors="0" timestamp="2022-10-30T10:37:11" hostname="JONASPC" time="0.409">
  <properties/>
  <testcase name="contextLoads()" classname="htw.webtech.demo.WebtechProjektApplicationTests" time="0.409"/>
  <system-out><![CDATA[11:37:09.241 [Test worker] DEBUG org.springframework.test.context.BootstrapUtils - Instantiating CacheAwareContextLoaderDelegate from class [org.springframework.test.context.cache.DefaultCacheAwareContextLoaderDelegate]
11:37:09.252 [Test worker] DEBUG org.springframework.test.context.BootstrapUtils - Instantiating BootstrapContext using constructor [public org.springframework.test.context.support.DefaultBootstrapContext(java.lang.Class,org.springframework.test.context.CacheAwareContextLoaderDelegate)]
11:37:09.283 [Test worker] DEBUG org.springframework.test.context.BootstrapUtils - Instantiating TestContextBootstrapper for test class [htw.webtech.demo.WebtechProjektApplicationTests] from class [org.springframework.boot.test.context.SpringBootTestContextBootstrapper]
11:37:09.293 [Test worker] INFO org.springframework.boot.test.context.SpringBootTestContextBootstrapper - Neither @ContextConfiguration nor @ContextHierarchy found for test class [htw.webtech.demo.WebtechProjektApplicationTests], using SpringBootContextLoader
11:37:09.297 [Test worker] DEBUG org.springframework.test.context.support.AbstractContextLoader - Did not detect default resource location for test class [htw.webtech.demo.WebtechProjektApplicationTests]: class path resource [htw/webtech/demo/WebtechProjektApplicationTests-context.xml] does not exist
11:37:09.297 [Test worker] DEBUG org.springframework.test.context.support.AbstractContextLoader - Did not detect default resource location for test class [htw.webtech.demo.WebtechProjektApplicationTests]: class path resource [htw/webtech/demo/WebtechProjektApplicationTestsContext.groovy] does not exist
11:37:09.297 [Test worker] INFO org.springframework.test.context.support.AbstractContextLoader - Could not detect default resource locations for test class [htw.webtech.demo.WebtechProjektApplicationTests]: no resource found for suffixes {-context.xml, Context.groovy}.
11:37:09.298 [Test worker] INFO org.springframework.test.context.support.AnnotationConfigContextLoaderUtils - Could not detect default configuration classes for test class [htw.webtech.demo.WebtechProjektApplicationTests]: WebtechProjektApplicationTests does not declare any static, non-private, non-final, nested classes annotated with @Configuration.
11:37:09.334 [Test worker] DEBUG org.springframework.test.context.support.ActiveProfilesUtils - Could not find an 'annotation declaring class' for annotation type [org.springframework.test.context.ActiveProfiles] and class [htw.webtech.demo.WebtechProjektApplicationTests]
11:37:09.400 [Test worker] DEBUG org.springframework.context.annotation.ClassPathScanningCandidateComponentProvider - Identified candidate component class: file [C:\Users\Jonas\Documents\Studium\SEM3\WebTech\Projekt\WebtechSem3\build\classes\java\main\htw\webtech\demo\WebtechProjektApplication.class]
11:37:09.402 [Test worker] INFO org.springframework.boot.test.context.SpringBootTestContextBootstrapper - Found @SpringBootConfiguration htw.webtech.demo.WebtechProjektApplication for test class htw.webtech.demo.WebtechProjektApplicationTests
11:37:09.506 [Test worker] DEBUG org.springframework.boot.test.context.SpringBootTestContextBootstrapper - @TestExecutionListeners is not present for class [htw.webtech.demo.WebtechProjektApplicationTests]: using defaults.
11:37:09.507 [Test worker] INFO org.springframework.boot.test.context.SpringBootTestContextBootstrapper - Loaded default TestExecutionListener class names from location [META-INF/spring.factories]: [org.springframework.boot.test.autoconfigure.restdocs.RestDocsTestExecutionListener, org.springframework.boot.test.autoconfigure.web.client.MockRestServiceServerResetTestExecutionListener, org.springframework.boot.test.autoconfigure.web.servlet.MockMvcPrintOnlyOnFailureTestExecutionListener, org.springframework.boot.test.autoconfigure.web.servlet.WebDriverTestExecutionListener, org.springframework.boot.test.autoconfigure.webservices.client.MockWebServiceServerTestExecutionListener, org.springframework.boot.test.mock.mockito.MockitoTestExecutionListener, org.springframework.boot.test.mock.mockito.ResetMocksTestExecutionListener, org.springframework.test.context.web.ServletTestExecutionListener, org.springframework.test.context.support.DirtiesContextBeforeModesTestExecutionListener, org.springframework.test.context.event.ApplicationEventsTestExecutionListener, org.springframework.test.context.support.DependencyInjectionTestExecutionListener, org.springframework.test.context.support.DirtiesContextTestExecutionListener, org.springframework.test.context.transaction.TransactionalTestExecutionListener, org.springframework.test.context.jdbc.SqlScriptsTestExecutionListener, org.springframework.test.context.event.EventPublishingTestExecutionListener]
11:37:09.518 [Test worker] DEBUG org.springframework.boot.test.context.SpringBootTestContextBootstrapper - Skipping candidate TestExecutionListener [org.springframework.test.context.transaction.TransactionalTestExecutionListener] due to a missing dependency. Specify custom listener classes or make the default listener classes and their required dependencies available. Offending class: [org/springframework/transaction/interceptor/TransactionAttributeSource]
11:37:09.518 [Test worker] DEBUG org.springframework.boot.test.context.SpringBootTestContextBootstrapper - Skipping candidate TestExecutionListener [org.springframework.test.context.jdbc.SqlScriptsTestExecutionListener] due to a missing dependency. Specify custom listener classes or make the default listener classes and their required dependencies available. Offending class: [org/springframework/transaction/interceptor/TransactionAttribute]
11:37:09.518 [Test worker] INFO org.springframework.boot.test.context.SpringBootTestContextBootstrapper - Using TestExecutionListeners: [org.springframework.test.context.web.ServletTestExecutionListener@2c3dec30, org.springframework.test.context.support.DirtiesContextBeforeModesTestExecutionListener@34a97744, org.springframework.test.context.event.ApplicationEventsTestExecutionListener@4275c20c, org.springframework.boot.test.mock.mockito.MockitoTestExecutionListener@7c56e013, org.springframework.boot.test.autoconfigure.SpringBootDependencyInjectionTestExecutionListener@3fc9dfc5, org.springframework.test.context.support.DirtiesContextTestExecutionListener@40258c2f, org.springframework.test.context.event.EventPublishingTestExecutionListener@2cac4385, org.springframework.boot.test.autoconfigure.restdocs.RestDocsTestExecutionListener@6731787b, org.springframework.boot.test.autoconfigure.web.client.MockRestServiceServerResetTestExecutionListener@16f7b4af, org.springframework.boot.test.autoconfigure.web.servlet.MockMvcPrintOnlyOnFailureTestExecutionListener@7adf16aa, org.springframework.boot.test.autoconfigure.web.servlet.WebDriverTestExecutionListener@34a1d21f, org.springframework.boot.test.autoconfigure.webservices.client.MockWebServiceServerTestExecutionListener@58bf8650, org.springframework.boot.test.mock.mockito.ResetMocksTestExecutionListener@73c60324]
11:37:09.522 [Test worker] DEBUG org.springframework.test.context.support.AbstractDirtiesContextTestExecutionListener - Before test class: context [DefaultTestContext@346939bf testClass = WebtechProjektApplicationTests, testInstance = [null], testMethod = [null], testException = [null], mergedContextConfiguration = [WebMergedContextConfiguration@4bf3798b testClass = WebtechProjektApplicationTests, locations = '{}', classes = '{class htw.webtech.demo.WebtechProjektApplication}', contextInitializerClasses = '[]', activeProfiles = '{}', propertySourceLocations = '{}', propertySourceProperties = '{org.springframework.boot.test.context.SpringBootTestContextBootstrapper=true}', contextCustomizers = set[org.springframework.boot.test.autoconfigure.actuate.metrics.MetricsExportContextCustomizerFactory$DisableMetricExportContextCustomizer@77102b91, org.springframework.boot.test.autoconfigure.properties.PropertyMappingContextCustomizer@0, org.springframework.boot.test.autoconfigure.web.servlet.WebDriverContextCustomizerFactory$Customizer@6f63b475, org.springframework.boot.test.context.filter.ExcludeFilterContextCustomizer@b2c5e07, org.springframework.boot.test.json.DuplicateJsonObjectContextCustomizerFactory$DuplicateJsonObjectContextCustomizer@1a20270e, org.springframework.boot.test.mock.mockito.MockitoContextCustomizer@0, org.springframework.boot.test.web.client.TestRestTemplateContextCustomizer@73194df, org.springframework.boot.test.context.SpringBootTestArgs@1, org.springframework.boot.test.context.SpringBootTestWebEnvironment@3738449f], resourceBasePath = 'src/main/webapp', contextLoader = 'org.springframework.boot.test.context.SpringBootContextLoader', parent = [null]], attributes = map['org.springframework.test.context.web.ServletTestExecutionListener.activateListener' -> true]], class annotated with @DirtiesContext [false] with mode [null].

  .   ____          _            __ _ _
 /\\ / ___'_ __ _ _(_)_ __  __ _ \ \ \ \
( ( )\___ | '_ | '_| | '_ \/ _` | \ \ \ \
 \\/  ___)| |_)| | | | | || (_| |  ) ) ) )
  '  |____| .__|_| |_|_| |_\__, | / / / /
 =========|_|==============|___/=/_/_/_/
 :: Spring Boot ::                (v2.7.4)

2022-10-30 11:37:09.806  INFO 5288 --- [    Test worker] h.w.demo.WebtechProjektApplicationTests  : Starting WebtechProjektApplicationTests using Java 17.0.1 on JonasPC with PID 5288 (started by Jonas in C:\Users\Jonas\Documents\Studium\SEM3\WebTech\Projekt\WebtechSem3)
2022-10-30 11:37:09.807  INFO 5288 --- [    Test worker] h.w.demo.WebtechProjektApplicationTests  : No active profile set, falling back to 1 default profile: "default"
2022-10-30 11:37:11.198  INFO 5288 --- [    Test worker] h.w.demo.WebtechProjektApplicationTests  : Started WebtechProjektApplicationTests in 1.636 seconds (JVM running for 2.728)
]]></system-out>
  <system-err><![CDATA[]]></system-err>
</testsuite>
